TN:
SF:src/modules/products/services/CreateOrderService.ts
FN:39,__decorate
FN:39,__metadata
FN:39,__param
FN:39,__awaiter
FN:39,adopt
FN:39,fulfilled
FN:39,rejected
FN:39,step
FN:39,__generator
FN:39,sent
FN:39,g.<computed>
FN:39,verb
FN:39,step
FN:17,CreateOrderService
FN:22,CreateOrderService.execute
FNF:15
FNH:13
FNDA:1,__decorate
FNDA:1,__metadata
FNDA:1,__param
FNDA:1,__awaiter
FNDA:1,adopt
FNDA:1,fulfilled
FNDA:0,rejected
FNDA:2,step
FNDA:1,__generator
FNDA:1,sent
FNDA:0,g.<computed>
FNDA:3,verb
FNDA:2,step
FNDA:1,CreateOrderService
FNDA:1,CreateOrderService.execute
DA:1,1
DA:2,1
DA:3,1
DA:4,1
DA:5,1
DA:6,1
DA:7,1
DA:8,1
DA:9,1
DA:10,1
DA:11,1
DA:12,1
DA:13,1
DA:14,1
DA:15,1
DA:16,1
DA:17,1
DA:18,1
DA:19,1
DA:20,1
DA:21,1
DA:22,1
DA:23,1
DA:24,1
DA:25,1
DA:26,1
DA:27,1
DA:28,1
DA:29,1
DA:30,1
DA:31,1
DA:32,1
DA:33,1
DA:34,1
DA:35,1
DA:36,1
DA:37,1
DA:38,1
DA:39,1
LF:39
LH:39
BRDA:39,0,0,1
BRDA:39,1,0,1
BRDA:39,2,0,0
BRDA:39,3,0,0
BRDA:39,4,0,0
BRDA:39,5,0,0
BRDA:39,6,0,1
BRDA:39,7,0,1
BRDA:39,8,0,1
BRDA:39,9,0,1
BRDA:39,10,0,1
BRDA:39,11,0,0
BRDA:39,12,0,1
BRDA:39,13,0,1
BRDA:39,14,0,0
BRDA:39,15,0,2
BRDA:39,16,0,1
BRDA:39,17,0,1
BRDA:39,18,0,1
BRDA:39,19,0,1
BRDA:39,20,0,0
BRDA:39,21,0,3
BRDA:39,22,0,2
BRDA:39,23,0,2
BRDA:39,24,0,0
BRDA:39,25,0,4
BRDA:39,26,0,0
BRDA:39,27,0,0
BRDA:39,28,0,0
BRDA:39,29,0,0
BRDA:39,30,0,2
BRDA:39,31,0,2
BRDA:39,32,0,1
BRDA:39,33,0,0
BRDA:39,34,0,0
BRDA:39,35,0,1
BRDA:39,36,0,0
BRDA:39,37,0,0
BRDA:39,38,0,0
BRDA:39,39,0,0
BRDA:39,40,0,0
BRDA:39,41,0,2
BRDA:39,42,0,0
BRDA:39,43,0,2
BRDA:39,44,0,1
BRDA:39,45,0,0
BRDA:39,46,0,1
BRDA:39,47,0,0
BRDA:16,48,0,1
BRDA:17,49,0,1
BRDA:22,50,0,1
BRDA:39,51,0,1
BRDA:39,52,0,2
BRDA:28,53,0,1
BRDA:39,54,0,1
BRF:55
BRH:33
end_of_record
TN:
SF:src/modules/products/services/CreateProductService.ts
FN:37,__decorate
FN:37,__metadata
FN:37,__param
FN:37,__awaiter
FN:37,adopt
FN:37,fulfilled
FN:37,rejected
FN:37,step
FN:37,__generator
FN:37,sent
FN:37,g.<computed>
FN:37,verb
FN:37,step
FN:15,CreateProductService
FN:20,CreateProductService.execute
FNF:15
FNH:13
FNDA:3,__decorate
FNDA:3,__metadata
FNDA:3,__param
FNDA:3,__awaiter
FNDA:3,adopt
FNDA:3,fulfilled
FNDA:0,rejected
FNDA:6,step
FNDA:3,__generator
FNDA:3,sent
FNDA:0,g.<computed>
FNDA:9,verb
FNDA:6,step
FNDA:3,CreateProductService
FNDA:3,CreateProductService.execute
DA:1,1
DA:2,1
DA:3,1
DA:4,1
DA:5,1
DA:6,1
DA:7,1
DA:8,1
DA:9,1
DA:10,1
DA:11,1
DA:12,1
DA:13,1
DA:14,3
DA:15,3
DA:16,3
DA:17,3
DA:18,3
DA:19,3
DA:20,3
DA:21,3
DA:22,3
DA:23,3
DA:24,3
DA:25,3
DA:26,3
DA:27,3
DA:28,3
DA:29,3
DA:30,3
DA:31,3
DA:32,3
DA:33,3
DA:34,3
DA:35,3
DA:36,1
DA:37,1
LF:37
LH:37
BRDA:37,0,0,3
BRDA:37,1,0,3
BRDA:37,2,0,0
BRDA:37,3,0,0
BRDA:37,4,0,0
BRDA:37,5,0,0
BRDA:37,6,0,3
BRDA:37,7,0,3
BRDA:37,8,0,3
BRDA:37,9,0,3
BRDA:37,10,0,3
BRDA:37,11,0,0
BRDA:37,12,0,3
BRDA:37,13,0,3
BRDA:37,14,0,0
BRDA:37,15,0,6
BRDA:37,16,0,3
BRDA:37,17,0,3
BRDA:37,18,0,3
BRDA:37,19,0,3
BRDA:37,20,0,0
BRDA:37,21,0,9
BRDA:37,22,0,6
BRDA:37,23,0,6
BRDA:37,24,0,0
BRDA:37,25,0,12
BRDA:37,26,0,0
BRDA:37,27,0,0
BRDA:37,28,0,0
BRDA:37,29,0,0
BRDA:37,30,0,6
BRDA:37,31,0,6
BRDA:37,32,0,3
BRDA:37,33,0,0
BRDA:37,34,0,0
BRDA:37,35,0,3
BRDA:37,36,0,0
BRDA:37,37,0,0
BRDA:37,38,0,0
BRDA:37,39,0,0
BRDA:37,40,0,0
BRDA:37,41,0,6
BRDA:37,42,0,0
BRDA:37,43,0,6
BRDA:37,44,0,3
BRDA:37,45,0,0
BRDA:37,46,0,3
BRDA:37,47,0,0
BRDA:14,48,0,3
BRDA:15,49,0,3
BRDA:20,50,0,3
BRDA:37,51,0,3
BRDA:37,52,0,6
BRDA:26,53,0,3
BRDA:37,54,0,3
BRF:55
BRH:33
end_of_record
TN:
SF:src/modules/products/services/DeleteProductService.ts
FN:29,__decorate
FN:29,__metadata
FN:29,__param
FN:29,__awaiter
FN:29,adopt
FN:29,fulfilled
FN:29,rejected
FN:29,step
FN:29,__generator
FN:29,sent
FN:29,g.<computed>
FN:29,verb
FN:29,step
FN:29,__importDefault
FN:13,DeleteProductService
FN:18,DeleteProductService.execute
FNF:16
FNH:14
FNDA:1,__decorate
FNDA:1,__metadata
FNDA:1,__param
FNDA:2,__awaiter
FNDA:3,adopt
FNDA:3,fulfilled
FNDA:0,rejected
FNDA:4,step
FNDA:2,__generator
FNDA:3,sent
FNDA:0,g.<computed>
FNDA:6,verb
FNDA:5,step
FNDA:1,__importDefault
FNDA:2,DeleteProductService
FNDA:2,DeleteProductService.execute
DA:1,1
DA:2,1
DA:3,1
DA:4,1
DA:5,1
DA:6,1
DA:7,1
DA:8,1
DA:9,1
DA:10,1
DA:11,1
DA:12,1
DA:13,1
DA:14,2
DA:15,2
DA:16,2
DA:17,1
DA:18,1
DA:19,2
DA:20,2
DA:21,2
DA:22,1
DA:23,1
DA:24,1
DA:25,1
DA:26,2
DA:27,1
DA:28,1
DA:29,1
LF:29
LH:29
BRDA:29,0,0,1
BRDA:29,1,0,1
BRDA:29,2,0,0
BRDA:29,3,0,0
BRDA:29,4,0,0
BRDA:29,5,0,0
BRDA:29,6,0,1
BRDA:29,7,0,1
BRDA:29,8,0,1
BRDA:29,9,0,2
BRDA:29,10,0,3
BRDA:29,11,0,0
BRDA:29,12,0,2
BRDA:29,13,0,3
BRDA:29,14,0,2
BRDA:29,15,0,1
BRDA:29,16,0,4
BRDA:29,17,0,1
BRDA:29,18,0,3
BRDA:29,19,0,2
BRDA:29,20,0,3
BRDA:29,21,0,0
BRDA:29,22,0,6
BRDA:29,23,0,5
BRDA:29,24,0,5
BRDA:29,25,0,0
BRDA:29,26,0,10
BRDA:29,27,0,0
BRDA:29,28,0,0
BRDA:29,29,0,0
BRDA:29,30,0,0
BRDA:29,31,0,5
BRDA:29,32,0,5
BRDA:29,33,0,3
BRDA:29,34,0,0
BRDA:29,35,0,0
BRDA:29,36,0,2
BRDA:29,37,0,0
BRDA:29,38,0,1
BRDA:29,39,0,0
BRDA:29,40,0,0
BRDA:29,41,0,0
BRDA:29,42,0,0
BRDA:29,43,0,5
BRDA:29,44,0,4
BRDA:29,45,0,1
BRDA:29,46,0,5
BRDA:29,47,0,2
BRDA:29,48,0,1
BRDA:29,49,0,0
BRDA:29,50,0,1
BRDA:29,51,0,0
BRDA:12,52,0,1
BRDA:13,53,0,2
BRDA:18,54,0,2
BRDA:29,55,0,2
BRDA:29,56,0,5
BRDA:19,57,0,2
BRDA:29,58,0,2
BRDA:21,59,0,1
BRDA:29,60,0,1
BRF:61
BRH:41
end_of_record
TN:
SF:src/modules/products/services/ListProductService.ts
FN:19,__decorate
FN:19,__metadata
FN:19,__param
FN:19,__awaiter
FN:19,adopt
FN:19,fulfilled
FN:19,rejected
FN:19,step
FN:19,__generator
FN:19,sent
FN:19,g.<computed>
FN:19,verb
FN:19,step
FN:7,ListProductService
FN:12,ListProductService.execute
FNF:15
FNH:13
FNDA:1,__decorate
FNDA:1,__metadata
FNDA:1,__param
FNDA:1,__awaiter
FNDA:1,adopt
FNDA:1,fulfilled
FNDA:0,rejected
FNDA:2,step
FNDA:1,__generator
FNDA:1,sent
FNDA:0,g.<computed>
FNDA:3,verb
FNDA:2,step
FNDA:1,ListProductService
FNDA:1,ListProductService.execute
DA:1,1
DA:2,1
DA:3,1
DA:4,1
DA:5,1
DA:6,1
DA:7,1
DA:8,1
DA:9,1
DA:10,1
DA:11,1
DA:12,1
DA:13,1
DA:14,1
DA:15,1
DA:16,1
DA:17,1
DA:18,1
DA:19,1
LF:19
LH:19
BRDA:19,0,0,1
BRDA:19,1,0,1
BRDA:19,2,0,0
BRDA:19,3,0,0
BRDA:19,4,0,0
BRDA:19,5,0,0
BRDA:19,6,0,1
BRDA:19,7,0,1
BRDA:19,8,0,1
BRDA:19,9,0,1
BRDA:19,10,0,1
BRDA:19,11,0,0
BRDA:19,12,0,1
BRDA:19,13,0,1
BRDA:19,14,0,0
BRDA:19,15,0,2
BRDA:19,16,0,1
BRDA:19,17,0,1
BRDA:19,18,0,1
BRDA:19,19,0,1
BRDA:19,20,0,0
BRDA:19,21,0,3
BRDA:19,22,0,2
BRDA:19,23,0,2
BRDA:19,24,0,0
BRDA:19,25,0,4
BRDA:19,26,0,0
BRDA:19,27,0,0
BRDA:19,28,0,0
BRDA:19,29,0,0
BRDA:19,30,0,2
BRDA:19,31,0,2
BRDA:19,32,0,1
BRDA:19,33,0,0
BRDA:19,34,0,0
BRDA:19,35,0,1
BRDA:19,36,0,0
BRDA:19,37,0,0
BRDA:19,38,0,0
BRDA:19,39,0,0
BRDA:19,40,0,0
BRDA:19,41,0,2
BRDA:19,42,0,0
BRDA:19,43,0,2
BRDA:19,44,0,1
BRDA:19,45,0,0
BRDA:19,46,0,1
BRDA:19,47,0,0
BRDA:6,48,0,1
BRDA:7,49,0,1
BRDA:12,50,0,1
BRDA:19,51,0,1
BRDA:19,52,0,2
BRDA:13,53,0,1
BRDA:19,54,0,1
BRF:55
BRH:33
end_of_record
TN:
SF:src/modules/users/services/AuthenticateUserService.ts
FN:62,__decorate
FN:62,__metadata
FN:62,__param
FN:62,__awaiter
FN:62,adopt
FN:62,fulfilled
FN:62,rejected
FN:62,step
FN:62,__generator
FN:62,sent
FN:62,g.<computed>
FN:62,verb
FN:62,step
FN:62,__importDefault
FN:25,AuthenticateUserService
FN:32,AuthenticateUserService.execute
FNF:16
FNH:14
FNDA:1,__decorate
FNDA:1,__metadata
FNDA:2,__param
FNDA:3,__awaiter
FNDA:5,adopt
FNDA:5,fulfilled
FNDA:0,rejected
FNDA:6,step
FNDA:3,__generator
FNDA:5,sent
FNDA:0,g.<computed>
FNDA:9,verb
FNDA:8,step
FNDA:2,__importDefault
FNDA:3,AuthenticateUserService
FNDA:3,AuthenticateUserService.execute
DA:1,1
DA:2,1
DA:3,1
DA:4,1
DA:5,1
DA:6,1
DA:7,1
DA:8,1
DA:9,1
DA:10,1
DA:11,1
DA:12,1
DA:13,1
DA:14,1
DA:15,1
DA:16,1
DA:17,1
DA:18,1
DA:19,1
DA:20,1
DA:21,1
DA:22,1
DA:23,1
DA:24,1
DA:25,1
DA:26,3
DA:27,3
DA:28,3
DA:29,3
DA:30,3
DA:31,1
DA:32,1
DA:33,3
DA:34,3
DA:35,3
DA:36,1
DA:37,1
DA:38,2
DA:39,2
DA:40,2
DA:41,2
DA:42,2
DA:43,3
DA:44,3
DA:45,1
DA:46,1
DA:47,1
DA:48,1
DA:49,1
DA:50,1
DA:51,1
DA:52,1
DA:53,1
DA:54,1
DA:55,1
DA:56,1
DA:57,1
DA:58,1
DA:59,3
DA:60,1
DA:61,1
DA:62,1
LF:62
LH:62
BRDA:62,0,0,1
BRDA:62,1,0,1
BRDA:62,2,0,0
BRDA:62,3,0,0
BRDA:62,4,0,0
BRDA:62,5,0,0
BRDA:62,6,0,1
BRDA:62,7,0,2
BRDA:62,8,0,2
BRDA:62,9,0,3
BRDA:62,10,0,5
BRDA:62,11,0,0
BRDA:62,12,0,3
BRDA:62,13,0,5
BRDA:62,14,0,3
BRDA:62,15,0,2
BRDA:62,16,0,6
BRDA:62,17,0,1
BRDA:62,18,0,5
BRDA:62,19,0,3
BRDA:62,20,0,5
BRDA:62,21,0,0
BRDA:62,22,0,9
BRDA:62,23,0,8
BRDA:62,24,0,8
BRDA:62,25,0,0
BRDA:62,26,0,16
BRDA:62,27,0,0
BRDA:62,28,0,0
BRDA:62,29,0,0
BRDA:62,30,0,0
BRDA:62,31,0,8
BRDA:62,32,0,8
BRDA:62,33,0,5
BRDA:62,34,0,0
BRDA:62,35,0,0
BRDA:62,36,0,3
BRDA:62,37,0,0
BRDA:62,38,0,1
BRDA:62,39,0,0
BRDA:62,40,0,0
BRDA:62,41,0,0
BRDA:62,42,0,0
BRDA:62,43,0,8
BRDA:62,44,0,6
BRDA:62,45,0,2
BRDA:62,46,0,8
BRDA:62,47,0,3
BRDA:62,48,0,2
BRDA:62,49,0,1
BRDA:62,50,0,0
BRDA:62,51,0,2
BRDA:62,52,0,0
BRDA:24,53,0,1
BRDA:25,54,0,3
BRDA:32,55,0,3
BRDA:62,56,0,3
BRDA:62,57,0,8
BRDA:33,58,0,3
BRDA:62,59,0,3
BRDA:35,60,0,1
BRDA:37,61,0,2
BRDA:62,62,0,2
BRDA:44,63,0,1
BRF:64
BRH:44
end_of_record
TN:
SF:src/modules/users/services/CreateUserService.ts
FN:43,__decorate
FN:43,__metadata
FN:43,__param
FN:43,__awaiter
FN:43,adopt
FN:43,fulfilled
FN:43,rejected
FN:43,step
FN:43,__generator
FN:43,sent
FN:43,g.<computed>
FN:43,verb
FN:43,step
FN:43,__importDefault
FN:17,CreateUserService
FN:24,CreateUserService.execute
FNF:16
FNH:14
FNDA:2,__decorate
FNDA:2,__metadata
FNDA:4,__param
FNDA:5,__awaiter
FNDA:13,adopt
FNDA:13,fulfilled
FNDA:0,rejected
FNDA:17,step
FNDA:5,__generator
FNDA:13,sent
FNDA:0,g.<computed>
FNDA:15,verb
FNDA:18,step
FNDA:2,__importDefault
FNDA:4,CreateUserService
FNDA:5,CreateUserService.execute
DA:1,1
DA:2,1
DA:3,1
DA:4,1
DA:5,1
DA:6,1
DA:7,1
DA:8,1
DA:9,1
DA:10,1
DA:11,1
DA:12,1
DA:13,1
DA:14,1
DA:15,1
DA:16,2
DA:17,2
DA:18,4
DA:19,4
DA:20,4
DA:21,4
DA:22,4
DA:23,2
DA:24,2
DA:25,5
DA:26,5
DA:27,5
DA:28,1
DA:29,1
DA:30,4
DA:31,4
DA:32,5
DA:33,5
DA:34,5
DA:35,5
DA:36,5
DA:37,5
DA:38,5
DA:39,5
DA:40,5
DA:41,2
DA:42,1
DA:43,1
LF:43
LH:43
BRDA:43,0,0,2
BRDA:43,1,0,2
BRDA:43,2,0,0
BRDA:43,3,0,0
BRDA:43,4,0,0
BRDA:43,5,0,0
BRDA:43,6,0,2
BRDA:43,7,0,4
BRDA:43,8,0,4
BRDA:43,9,0,5
BRDA:43,10,0,13
BRDA:43,11,0,0
BRDA:43,12,0,5
BRDA:43,13,0,13
BRDA:43,14,0,12
BRDA:43,15,0,1
BRDA:43,16,0,17
BRDA:43,17,0,4
BRDA:43,18,0,13
BRDA:43,19,0,5
BRDA:43,20,0,13
BRDA:43,21,0,0
BRDA:43,22,0,15
BRDA:43,23,0,18
BRDA:43,24,0,18
BRDA:43,25,0,0
BRDA:43,26,0,36
BRDA:43,27,0,0
BRDA:43,28,0,0
BRDA:43,29,0,0
BRDA:43,30,0,0
BRDA:43,31,0,18
BRDA:43,32,0,18
BRDA:43,33,0,13
BRDA:43,34,0,0
BRDA:43,35,0,0
BRDA:43,36,0,5
BRDA:43,37,0,0
BRDA:43,38,0,4
BRDA:43,39,0,0
BRDA:43,40,0,0
BRDA:43,41,0,0
BRDA:43,42,0,0
BRDA:43,43,0,28
BRDA:43,44,0,18
BRDA:43,45,0,17
BRDA:43,46,0,1
BRDA:43,47,0,18
BRDA:43,48,0,5
BRDA:43,49,0,1
BRDA:43,50,0,4
BRDA:43,51,0,0
BRDA:43,52,0,2
BRDA:43,53,0,0
BRDA:16,54,0,2
BRDA:17,55,0,4
BRDA:24,56,0,5
BRDA:43,57,0,5
BRDA:43,58,0,18
BRDA:25,59,0,5
BRDA:43,60,0,5
BRDA:27,61,0,1
BRDA:29,62,0,4
BRDA:43,63,0,4
BRDA:43,64,0,4
BRF:65
BRH:45
end_of_record
