TN:
SF:src/modules/products/services/CreateOrderService.ts
FN:39,__decorate
FN:39,__metadata
FN:39,__param
FN:39,__awaiter
FN:39,adopt
FN:39,fulfilled
FN:39,rejected
FN:39,step
FN:39,__generator
FN:39,sent
FN:39,g.<computed>
FN:39,verb
FN:39,step
FN:17,CreateOrderService
FN:22,CreateOrderService.execute
FNF:15
FNH:13
FNDA:1,__decorate
FNDA:1,__metadata
FNDA:1,__param
FNDA:1,__awaiter
FNDA:1,adopt
FNDA:1,fulfilled
FNDA:0,rejected
FNDA:2,step
FNDA:1,__generator
FNDA:1,sent
FNDA:0,g.<computed>
FNDA:3,verb
FNDA:2,step
FNDA:1,CreateOrderService
FNDA:1,CreateOrderService.execute
DA:1,1
DA:2,1
DA:3,1
DA:4,1
DA:5,1
DA:6,1
DA:7,1
DA:8,1
DA:9,1
DA:10,1
DA:11,1
DA:12,1
DA:13,1
DA:14,1
DA:15,1
DA:16,1
DA:17,1
DA:18,1
DA:19,1
DA:20,1
DA:21,1
DA:22,1
DA:23,1
DA:24,1
DA:25,1
DA:26,1
DA:27,1
DA:28,1
DA:29,1
DA:30,1
DA:31,1
DA:32,1
DA:33,1
DA:34,1
DA:35,1
DA:36,1
DA:37,1
DA:38,1
DA:39,1
LF:39
LH:39
BRDA:39,0,0,1
BRDA:39,1,0,1
BRDA:39,2,0,0
BRDA:39,3,0,0
BRDA:39,4,0,0
BRDA:39,5,0,0
BRDA:39,6,0,1
BRDA:39,7,0,1
BRDA:39,8,0,1
BRDA:39,9,0,1
BRDA:39,10,0,1
BRDA:39,11,0,0
BRDA:39,12,0,1
BRDA:39,13,0,1
BRDA:39,14,0,0
BRDA:39,15,0,2
BRDA:39,16,0,1
BRDA:39,17,0,1
BRDA:39,18,0,1
BRDA:39,19,0,1
BRDA:39,20,0,0
BRDA:39,21,0,3
BRDA:39,22,0,2
BRDA:39,23,0,2
BRDA:39,24,0,0
BRDA:39,25,0,4
BRDA:39,26,0,0
BRDA:39,27,0,0
BRDA:39,28,0,0
BRDA:39,29,0,0
BRDA:39,30,0,2
BRDA:39,31,0,2
BRDA:39,32,0,1
BRDA:39,33,0,0
BRDA:39,34,0,0
BRDA:39,35,0,1
BRDA:39,36,0,0
BRDA:39,37,0,0
BRDA:39,38,0,0
BRDA:39,39,0,0
BRDA:39,40,0,0
BRDA:39,41,0,2
BRDA:39,42,0,0
BRDA:39,43,0,2
BRDA:39,44,0,1
BRDA:39,45,0,0
BRDA:39,46,0,1
BRDA:39,47,0,0
BRDA:16,48,0,1
BRDA:17,49,0,1
BRDA:22,50,0,1
BRDA:39,51,0,1
BRDA:39,52,0,2
BRDA:28,53,0,1
BRDA:39,54,0,1
BRF:55
BRH:33
end_of_record
TN:
SF:src/modules/products/services/CreateProductService.ts
FN:37,__decorate
FN:37,__metadata
FN:37,__param
FN:37,__awaiter
FN:37,adopt
FN:37,fulfilled
FN:37,rejected
FN:37,step
FN:37,__generator
FN:37,sent
FN:37,g.<computed>
FN:37,verb
FN:37,step
FN:15,CreateProductService
FN:20,CreateProductService.execute
FNF:15
FNH:13
FNDA:3,__decorate
FNDA:3,__metadata
FNDA:3,__param
FNDA:3,__awaiter
FNDA:3,adopt
FNDA:3,fulfilled
FNDA:0,rejected
FNDA:6,step
FNDA:3,__generator
FNDA:3,sent
FNDA:0,g.<computed>
FNDA:9,verb
FNDA:6,step
FNDA:3,CreateProductService
FNDA:3,CreateProductService.execute
DA:1,1
DA:2,1
DA:3,1
DA:4,1
DA:5,1
DA:6,1
DA:7,1
DA:8,1
DA:9,1
DA:10,1
DA:11,1
DA:12,1
DA:13,1
DA:14,3
DA:15,3
DA:16,3
DA:17,3
DA:18,3
DA:19,3
DA:20,3
DA:21,3
DA:22,3
DA:23,3
DA:24,3
DA:25,3
DA:26,3
DA:27,3
DA:28,3
DA:29,3
DA:30,3
DA:31,3
DA:32,3
DA:33,3
DA:34,3
DA:35,3
DA:36,1
DA:37,1
LF:37
LH:37
BRDA:37,0,0,3
BRDA:37,1,0,3
BRDA:37,2,0,0
BRDA:37,3,0,0
BRDA:37,4,0,0
BRDA:37,5,0,0
BRDA:37,6,0,3
BRDA:37,7,0,3
BRDA:37,8,0,3
BRDA:37,9,0,3
BRDA:37,10,0,3
BRDA:37,11,0,0
BRDA:37,12,0,3
BRDA:37,13,0,3
BRDA:37,14,0,0
BRDA:37,15,0,6
BRDA:37,16,0,3
BRDA:37,17,0,3
BRDA:37,18,0,3
BRDA:37,19,0,3
BRDA:37,20,0,0
BRDA:37,21,0,9
BRDA:37,22,0,6
BRDA:37,23,0,6
BRDA:37,24,0,0
BRDA:37,25,0,12
BRDA:37,26,0,0
BRDA:37,27,0,0
BRDA:37,28,0,0
BRDA:37,29,0,0
BRDA:37,30,0,6
BRDA:37,31,0,6
BRDA:37,32,0,3
BRDA:37,33,0,0
BRDA:37,34,0,0
BRDA:37,35,0,3
BRDA:37,36,0,0
BRDA:37,37,0,0
BRDA:37,38,0,0
BRDA:37,39,0,0
BRDA:37,40,0,0
BRDA:37,41,0,6
BRDA:37,42,0,0
BRDA:37,43,0,6
BRDA:37,44,0,3
BRDA:37,45,0,0
BRDA:37,46,0,3
BRDA:37,47,0,0
BRDA:14,48,0,3
BRDA:15,49,0,3
BRDA:20,50,0,3
BRDA:37,51,0,3
BRDA:37,52,0,6
BRDA:26,53,0,3
BRDA:37,54,0,3
BRF:55
BRH:33
end_of_record
TN:
SF:src/modules/products/services/DeleteProductService.ts
FN:29,__decorate
FN:29,__metadata
FN:29,__param
FN:29,__awaiter
FN:29,adopt
FN:29,fulfilled
FN:29,rejected
FN:29,step
FN:29,__generator
FN:29,sent
FN:29,g.<computed>
FN:29,verb
FN:29,step
FN:29,__importDefault
FN:13,DeleteProductService
FN:18,DeleteProductService.execute
FNF:16
FNH:14
FNDA:1,__decorate
FNDA:1,__metadata
FNDA:1,__param
FNDA:2,__awaiter
FNDA:3,adopt
FNDA:3,fulfilled
FNDA:0,rejected
FNDA:4,step
FNDA:2,__generator
FNDA:3,sent
FNDA:0,g.<computed>
FNDA:6,verb
FNDA:5,step
FNDA:1,__importDefault
FNDA:2,DeleteProductService
FNDA:2,DeleteProductService.execute
DA:1,1
DA:2,1
DA:3,1
DA:4,1
DA:5,1
DA:6,1
DA:7,1
DA:8,1
DA:9,1
DA:10,1
DA:11,1
DA:12,1
DA:13,1
DA:14,2
DA:15,2
DA:16,2
DA:17,1
DA:18,1
DA:19,2
DA:20,2
DA:21,2
DA:22,1
DA:23,1
DA:24,1
DA:25,1
DA:26,2
DA:27,1
DA:28,1
DA:29,1
LF:29
LH:29
BRDA:29,0,0,1
BRDA:29,1,0,1
BRDA:29,2,0,0
BRDA:29,3,0,0
BRDA:29,4,0,0
BRDA:29,5,0,0
BRDA:29,6,0,1
BRDA:29,7,0,1
BRDA:29,8,0,1
BRDA:29,9,0,2
BRDA:29,10,0,3
BRDA:29,11,0,0
BRDA:29,12,0,2
BRDA:29,13,0,3
BRDA:29,14,0,2
BRDA:29,15,0,1
BRDA:29,16,0,4
BRDA:29,17,0,1
BRDA:29,18,0,3
BRDA:29,19,0,2
BRDA:29,20,0,3
BRDA:29,21,0,0
BRDA:29,22,0,6
BRDA:29,23,0,5
BRDA:29,24,0,5
BRDA:29,25,0,0
BRDA:29,26,0,10
BRDA:29,27,0,0
BRDA:29,28,0,0
BRDA:29,29,0,0
BRDA:29,30,0,0
BRDA:29,31,0,5
BRDA:29,32,0,5
BRDA:29,33,0,3
BRDA:29,34,0,0
BRDA:29,35,0,0
BRDA:29,36,0,2
BRDA:29,37,0,0
BRDA:29,38,0,1
BRDA:29,39,0,0
BRDA:29,40,0,0
BRDA:29,41,0,0
BRDA:29,42,0,0
BRDA:29,43,0,5
BRDA:29,44,0,4
BRDA:29,45,0,1
BRDA:29,46,0,5
BRDA:29,47,0,2
BRDA:29,48,0,1
BRDA:29,49,0,0
BRDA:29,50,0,1
BRDA:29,51,0,0
BRDA:12,52,0,1
BRDA:13,53,0,2
BRDA:18,54,0,2
BRDA:29,55,0,2
BRDA:29,56,0,5
BRDA:19,57,0,2
BRDA:29,58,0,2
BRDA:21,59,0,1
BRDA:29,60,0,1
BRF:61
BRH:41
end_of_record
TN:
SF:src/modules/products/services/ListProductService.ts
FN:19,__decorate
FN:19,__metadata
FN:19,__param
FN:19,__awaiter
FN:19,adopt
FN:19,fulfilled
FN:19,rejected
FN:19,step
FN:19,__generator
FN:19,sent
FN:19,g.<computed>
FN:19,verb
FN:19,step
FN:7,ListProductService
FN:12,ListProductService.execute
FNF:15
FNH:13
FNDA:1,__decorate
FNDA:1,__metadata
FNDA:1,__param
FNDA:1,__awaiter
FNDA:1,adopt
FNDA:1,fulfilled
FNDA:0,rejected
FNDA:2,step
FNDA:1,__generator
FNDA:1,sent
FNDA:0,g.<computed>
FNDA:3,verb
FNDA:2,step
FNDA:1,ListProductService
FNDA:1,ListProductService.execute
DA:1,1
DA:2,1
DA:3,1
DA:4,1
DA:5,1
DA:6,1
DA:7,1
DA:8,1
DA:9,1
DA:10,1
DA:11,1
DA:12,1
DA:13,1
DA:14,1
DA:15,1
DA:16,1
DA:17,1
DA:18,1
DA:19,1
LF:19
LH:19
BRDA:19,0,0,1
BRDA:19,1,0,1
BRDA:19,2,0,0
BRDA:19,3,0,0
BRDA:19,4,0,0
BRDA:19,5,0,0
BRDA:19,6,0,1
BRDA:19,7,0,1
BRDA:19,8,0,1
BRDA:19,9,0,1
BRDA:19,10,0,1
BRDA:19,11,0,0
BRDA:19,12,0,1
BRDA:19,13,0,1
BRDA:19,14,0,0
BRDA:19,15,0,2
BRDA:19,16,0,1
BRDA:19,17,0,1
BRDA:19,18,0,1
BRDA:19,19,0,1
BRDA:19,20,0,0
BRDA:19,21,0,3
BRDA:19,22,0,2
BRDA:19,23,0,2
BRDA:19,24,0,0
BRDA:19,25,0,4
BRDA:19,26,0,0
BRDA:19,27,0,0
BRDA:19,28,0,0
BRDA:19,29,0,0
BRDA:19,30,0,2
BRDA:19,31,0,2
BRDA:19,32,0,1
BRDA:19,33,0,0
BRDA:19,34,0,0
BRDA:19,35,0,1
BRDA:19,36,0,0
BRDA:19,37,0,0
BRDA:19,38,0,0
BRDA:19,39,0,0
BRDA:19,40,0,0
BRDA:19,41,0,2
BRDA:19,42,0,0
BRDA:19,43,0,2
BRDA:19,44,0,1
BRDA:19,45,0,0
BRDA:19,46,0,1
BRDA:19,47,0,0
BRDA:6,48,0,1
BRDA:7,49,0,1
BRDA:12,50,0,1
BRDA:19,51,0,1
BRDA:19,52,0,2
BRDA:13,53,0,1
BRDA:19,54,0,1
BRF:55
BRH:33
end_of_record
TN:
SF:src/modules/users/services/AuthenticateUserService.ts
FN:1,(empty-report)
FNF:1
FNH:0
FNDA:0,(empty-report)
DA:1,0
DA:2,0
DA:3,0
DA:4,0
DA:5,0
DA:6,0
DA:7,0
DA:8,0
DA:9,0
DA:10,0
DA:11,0
DA:12,0
DA:13,0
DA:14,0
DA:15,0
DA:16,0
DA:17,0
DA:18,0
DA:19,0
DA:20,0
DA:21,0
DA:22,0
DA:23,0
DA:24,0
DA:25,0
DA:26,0
DA:27,0
DA:28,0
DA:29,0
DA:30,0
DA:31,0
DA:32,0
DA:33,0
DA:34,0
DA:35,0
DA:36,0
DA:37,0
DA:38,0
DA:39,0
DA:40,0
DA:41,0
DA:42,0
DA:43,0
DA:44,0
DA:45,0
DA:46,0
DA:47,0
DA:48,0
DA:49,0
DA:50,0
DA:51,0
DA:52,0
DA:53,0
DA:54,0
LF:54
LH:0
BRDA:1,0,0,0
BRF:1
BRH:0
end_of_record
TN:
SF:src/modules/users/services/CreateUserService.ts
FN:41,__decorate
FN:41,__metadata
FN:41,__param
FN:41,__awaiter
FN:41,adopt
FN:41,fulfilled
FN:41,rejected
FN:41,step
FN:41,__generator
FN:41,sent
FN:41,g.<computed>
FN:41,verb
FN:41,step
FN:41,__importDefault
FN:17,CreateUserService
FN:22,CreateUserService.execute
FNF:16
FNH:14
FNDA:1,__decorate
FNDA:1,__metadata
FNDA:1,__param
FNDA:3,__awaiter
FNDA:7,adopt
FNDA:7,fulfilled
FNDA:0,rejected
FNDA:9,step
FNDA:3,__generator
FNDA:7,sent
FNDA:0,g.<computed>
FNDA:9,verb
FNDA:10,step
FNDA:1,__importDefault
FNDA:2,CreateUserService
FNDA:3,CreateUserService.execute
DA:1,1
DA:2,1
DA:3,1
DA:4,1
DA:5,1
DA:6,1
DA:7,1
DA:8,1
DA:9,1
DA:10,1
DA:11,1
DA:12,1
DA:13,1
DA:14,1
DA:15,1
DA:16,1
DA:17,1
DA:18,2
DA:19,2
DA:20,2
DA:21,1
DA:22,1
DA:23,3
DA:24,3
DA:25,3
DA:26,1
DA:27,1
DA:28,2
DA:29,2
DA:30,3
DA:31,3
DA:32,3
DA:33,3
DA:34,3
DA:35,3
DA:36,3
DA:37,3
DA:38,3
DA:39,1
DA:40,1
DA:41,1
LF:41
LH:41
BRDA:41,0,0,1
BRDA:41,1,0,1
BRDA:41,2,0,0
BRDA:41,3,0,0
BRDA:41,4,0,0
BRDA:41,5,0,0
BRDA:41,6,0,1
BRDA:41,7,0,1
BRDA:41,8,0,1
BRDA:41,9,0,3
BRDA:41,10,0,7
BRDA:41,11,0,0
BRDA:41,12,0,3
BRDA:41,13,0,7
BRDA:41,14,0,6
BRDA:41,15,0,1
BRDA:41,16,0,9
BRDA:41,17,0,2
BRDA:41,18,0,7
BRDA:41,19,0,3
BRDA:41,20,0,7
BRDA:41,21,0,0
BRDA:41,22,0,9
BRDA:41,23,0,10
BRDA:41,24,0,10
BRDA:41,25,0,0
BRDA:41,26,0,20
BRDA:41,27,0,0
BRDA:41,28,0,0
BRDA:41,29,0,0
BRDA:41,30,0,0
BRDA:41,31,0,10
BRDA:41,32,0,10
BRDA:41,33,0,7
BRDA:41,34,0,0
BRDA:41,35,0,0
BRDA:41,36,0,3
BRDA:41,37,0,0
BRDA:41,38,0,2
BRDA:41,39,0,0
BRDA:41,40,0,0
BRDA:41,41,0,0
BRDA:41,42,0,0
BRDA:41,43,0,10
BRDA:41,44,0,9
BRDA:41,45,0,1
BRDA:41,46,0,10
BRDA:41,47,0,3
BRDA:41,48,0,1
BRDA:41,49,0,2
BRDA:41,50,0,0
BRDA:41,51,0,1
BRDA:41,52,0,0
BRDA:16,53,0,1
BRDA:17,54,0,2
BRDA:22,55,0,3
BRDA:41,56,0,3
BRDA:41,57,0,10
BRDA:23,58,0,3
BRDA:41,59,0,3
BRDA:25,60,0,1
BRDA:27,61,0,2
BRDA:41,62,0,2
BRDA:41,63,0,2
BRF:64
BRH:44
end_of_record
